0 info it worked if it ends with ok
1 verbose cli [ 'C:\\Program Files\\nodejs\\\\node.exe',
1 verbose cli   'C:\\Program Files\\nodejs\\node_modules\\npm\\bin\\npm-cli.js',
1 verbose cli   'install',
1 verbose cli   'socketio' ]
2 info using npm@1.4.3
3 info using node@v0.10.26
4 verbose node symlink C:\Program Files\nodejs\\node.exe
5 warn package.json socket-chat-example@0.0.1 No repository field.
6 verbose readDependencies using package.json deps
7 verbose cache add [ 'socketio', null ]
8 verbose cache add name=undefined spec="socketio" args=["socketio",null]
9 verbose parsed url { protocol: null,
9 verbose parsed url   slashes: null,
9 verbose parsed url   auth: null,
9 verbose parsed url   host: null,
9 verbose parsed url   port: null,
9 verbose parsed url   hostname: null,
9 verbose parsed url   hash: null,
9 verbose parsed url   search: null,
9 verbose parsed url   query: null,
9 verbose parsed url   pathname: 'socketio',
9 verbose parsed url   path: 'socketio',
9 verbose parsed url   href: 'socketio' }
10 silly lockFile be461470-socketio socketio
11 verbose lock socketio C:\Users\user\AppData\Roaming\npm-cache\be461470-socketio.lock
12 silly lockFile be461470-socketio socketio
13 silly lockFile be461470-socketio socketio
14 verbose addNamed [ 'socketio', '' ]
15 verbose addNamed [ null, '*' ]
16 silly lockFile fa004f70-socketio socketio@
17 verbose lock socketio@ C:\Users\user\AppData\Roaming\npm-cache\fa004f70-socketio.lock
18 silly addNameRange { name: 'socketio', range: '*', hasData: false }
19 verbose url raw socketio
20 verbose url resolving [ 'https://registry.npmjs.org/', './socketio' ]
21 verbose url resolved https://registry.npmjs.org/socketio
22 info trying registry request attempt 1 at 23:49:17
23 http GET https://registry.npmjs.org/socketio
24 http 404 https://registry.npmjs.org/socketio
25 silly registry.get cb [ 404,
25 silly registry.get   { date: 'Mon, 04 Aug 2014 18:19:18 GMT',
25 silly registry.get     server: 'CouchDB/1.5.0 (Erlang OTP/R16B03)',
25 silly registry.get     'content-type': 'application/json',
25 silly registry.get     'cache-control': 'max-age=0',
25 silly registry.get     'content-length': '52',
25 silly registry.get     'accept-ranges': 'bytes',
25 silly registry.get     via: '1.1 varnish',
25 silly registry.get     age: '0',
25 silly registry.get     'x-served-by': 'cache-lax1430-LAX',
25 silly registry.get     'x-cache': 'MISS',
25 silly registry.get     'x-cache-hits': '0',
25 silly registry.get     'x-timer': 'S1407176357.965303,VS0,VE43',
25 silly registry.get     'keep-alive': 'timeout=10, max=50',
25 silly registry.get     connection: 'Keep-Alive' } ]
26 silly lockFile fa004f70-socketio socketio@
27 silly lockFile fa004f70-socketio socketio@
28 error 404 'socketio' is not in the npm registry.
28 error 404 You should bug the author to publish it
28 error 404 It was specified as a dependency of 'socket-chat-example'
28 error 404
28 error 404 Note that you can also install from a
28 error 404 tarball, folder, or http url, or git url.
29 error System Windows_NT 6.1.7601
30 error command "C:\\Program Files\\nodejs\\\\node.exe" "C:\\Program Files\\nodejs\\node_modules\\npm\\bin\\npm-cli.js" "install" "socketio"
31 error cwd C:\Users\user\Documents\GitHub\chat-example
32 error node -v v0.10.26
33 error npm -v 1.4.3
34 error code E404
35 verbose exit [ 1, true ]
